<?xml version="1.0" encoding="UTF-8"?>
<!-- Generated by org.testng.reporters.JUnitReportReporter -->
<testsuite skipped="0" hostname="UMA" name="com.qa.hubspot.test.LogingPageTest" tests="3" failures="0" timestamp="22 Apr 2020 14:23:21 GMT" time="1.436" errors="0">
  <testcase name="verifyLoginPageTitleTest" time="0.021" classname="com.qa.hubspot.test.LogingPageTest"/>
  <testcase name="verifySignupLinkTest" time="0.217" classname="com.qa.hubspot.test.LogingPageTest"/>
  <testcase name="verifyloginTest" time="1.198" classname="com.qa.hubspot.test.LogingPageTest"/>
</testsuite> <!-- com.qa.hubspot.test.LogingPageTest -->
